Using pre-set license
Built from '2020.3/release' branch; Version is '2020.3.15f2 (6cf78cb77498) revision 7141260'; Using compiler version '192528614'; Build Type 'Release'
OS: 'Windows 10 Pro; OS build 19042.1110; Version 2009; 64bit' Language: 'en' Physical Memory: 8066 MB
BatchMode: 1, IsHumanControllingUs: 0, StartBugReporterOnCrash: 0, Is64bit: 1, IsPro: 0

 COMMAND LINE ARGUMENTS:
D:\Programs\Unities\2020.3.15f2\Editor\Unity.exe
-adb2
-batchMode
-noUpm
-name
AssetImportWorker0
-projectPath
D:/Projects/DarkLegion
-logFile
Logs/AssetImportWorker0.log
-srvPort
63478
Successfully changed project path to: D:/Projects/DarkLegion
D:/Projects/DarkLegion
Using Asset Import Pipeline V2.
Refreshing native plugins compatible for Editor in 61.35 ms, found 3 plugins.
Preloading 0 native plugins for Editor in 0.00 ms.
Initialize engine version: 2020.3.15f2 (6cf78cb77498)
[Subsystems] Discovering subsystems at path D:/Programs/Unities/2020.3.15f2/Editor/Data/Resources/UnitySubsystems
[Subsystems] Discovering subsystems at path D:/Projects/DarkLegion/Assets
GfxDevice: creating device client; threaded=0
Direct3D:
    Version:  Direct3D 11.0 [level 11.0]
    Renderer: NVIDIA GeForce 940MX (ID=0x134d)
    Vendor:   
    VRAM:     2020 MB
    Driver:   23.21.13.8875
Initialize mono
Mono path[0] = 'D:/Programs/Unities/2020.3.15f2/Editor/Data/Managed'
Mono path[1] = 'D:/Programs/Unities/2020.3.15f2/Editor/Data/MonoBleedingEdge/lib/mono/unityjit'
Mono config path = 'D:/Programs/Unities/2020.3.15f2/Editor/Data/MonoBleedingEdge/etc'
Using monoOptions --debugger-agent=transport=dt_socket,embedding=1,server=y,suspend=n,address=127.0.0.1:56496
Begin MonoManager ReloadAssembly
Registering precompiled unity dll's ...
Register platform support module: D:/Programs/Unities/2020.3.15f2/Editor/Data/PlaybackEngines/WindowsStandaloneSupport/UnityEditor.WindowsStandalone.Extensions.dll
Registered in 0.001210 seconds.
Native extension for WindowsStandalone target not found
Refreshing native plugins compatible for Editor in 56.54 ms, found 3 plugins.
Preloading 0 native plugins for Editor in 0.00 ms.
Mono: successfully reloaded assembly
- Completed reload, in  1.101 seconds
Domain Reload Profiling:
	ReloadAssembly (1101ms)
		BeginReloadAssembly (65ms)
			ExecutionOrderSort (0ms)
			DisableScriptedObjects (0ms)
			BackupInstance (0ms)
			ReleaseScriptingObjects (0ms)
			CreateAndSetChildDomain (1ms)
		EndReloadAssembly (547ms)
			LoadAssemblies (64ms)
			RebuildTransferFunctionScriptingTraits (0ms)
			SetupTypeCache (191ms)
			ReleaseScriptCaches (0ms)
			RebuildScriptCaches (38ms)
			SetupLoadedEditorAssemblies (208ms)
				LogAssemblyErrors (0ms)
				InitializePlatformSupportModulesInManaged (5ms)
				SetLoadedEditorAssemblies (0ms)
				RefreshPlugins (57ms)
				BeforeProcessingInitializeOnLoad (16ms)
				ProcessInitializeOnLoadAttributes (96ms)
				ProcessInitializeOnLoadMethodAttributes (34ms)
				AfterProcessingInitializeOnLoad (0ms)
				EditorAssembliesLoaded (0ms)
			ExecutionOrderSort2 (0ms)
			AwakeInstancesAfterBackupRestoration (0ms)
Platform modules already initialized, skipping
Registering precompiled user dll's ...
Registered in 0.003787 seconds.
Begin MonoManager ReloadAssembly
Native extension for WindowsStandalone target not found
Refreshing native plugins compatible for Editor in 59.54 ms, found 3 plugins.
Preloading 0 native plugins for Editor in 0.00 ms.
Mono: successfully reloaded assembly
- Completed reload, in  1.979 seconds
Domain Reload Profiling:
	ReloadAssembly (1981ms)
		BeginReloadAssembly (260ms)
			ExecutionOrderSort (0ms)
			DisableScriptedObjects (9ms)
			BackupInstance (0ms)
			ReleaseScriptingObjects (0ms)
			CreateAndSetChildDomain (29ms)
		EndReloadAssembly (1614ms)
			LoadAssemblies (164ms)
			RebuildTransferFunctionScriptingTraits (0ms)
			SetupTypeCache (455ms)
			ReleaseScriptCaches (1ms)
			RebuildScriptCaches (61ms)
			SetupLoadedEditorAssemblies (806ms)
				LogAssemblyErrors (0ms)
				InitializePlatformSupportModulesInManaged (4ms)
				SetLoadedEditorAssemblies (0ms)
				RefreshPlugins (60ms)
				BeforeProcessingInitializeOnLoad (111ms)
				ProcessInitializeOnLoadAttributes (612ms)
				ProcessInitializeOnLoadMethodAttributes (16ms)
				AfterProcessingInitializeOnLoad (3ms)
				EditorAssembliesLoaded (0ms)
			ExecutionOrderSort2 (0ms)
			AwakeInstancesAfterBackupRestoration (8ms)
Platform modules already initialized, skipping
========================================================================
Worker process is ready to serve import requests
Launched and connected shader compiler UnityShaderCompiler.exe after 0.09 seconds
Refreshing native plugins compatible for Editor in 0.82 ms, found 3 plugins.
Preloading 0 native plugins for Editor in 0.00 ms.
Unloading 2386 Unused Serialized files (Serialized files now loaded: 0)
System memory in use before: 103.6 MB.
System memory in use after: 103.6 MB.

Unloading 35 unused Assets to reduce memory usage. Loaded Objects now: 2821.
Total: 3.503600 ms (FindLiveObjects: 0.262300 ms CreateObjectMapping: 0.126200 ms MarkObjects: 2.963700 ms  DeleteObjects: 0.149800 ms)

AssetImportParameters requested are different than current active one (requested -> active):
  custom:framework-win-MediaFoundation: 216162199b28c13a410421893ffa2e32 -> 
  custom:video-decoder-ogg-theora: a1e56fd34408186e4bbccfd4996cb3dc -> 
  custom:container-muxer-webm: aa71ff27fc2769a1b78a27578f13a17b -> 
  custom:container-demuxer-webm: 4f35f7cbe854078d1ac9338744f61a02 -> 
  custom:container-demuxer-ogg: 62fdf1f143b41e24485cea50d1cbac27 -> 
  custom:video-encoder-webm-vp8: eb34c28f22e8b96e1ab97ce403110664 -> 
  custom:video-decoder-webm-vp8: 9c59270c3fd7afecdb556c50c9e8de78 -> 
  custom:audio-decoder-ogg-vorbis: bf7c407c2cedff20999df2af8eb42d56 -> 
  custom:audio-encoder-webm-vorbis: bf7c407c2cedff20999df2af8eb42d56 -> 
========================================================================
Received Import Request.
  path: Assets/BasePoligon.png
  artifactKey: Guid(49527caa40f4ba348b1f4231f10125e2) Importer(815301076,1909f56bfc062723c751e8b465ee728b)
Start importing Assets/BasePoligon.png using Guid(49527caa40f4ba348b1f4231f10125e2) Importer(815301076,1909f56bfc062723c751e8b465ee728b)  -> (artifact id: '99f1c7794e9d3879ef107daaf26abc5a') in 1.734236 seconds 
  Import took 1.738490 seconds .

========================================================================
Received Import Request.
  Time since last request: 39.983658 seconds.
  path: Assets/Sprites
  artifactKey: Guid(0b39b27c807762f4f999b9208703df85) Importer(815301076,1909f56bfc062723c751e8b465ee728b)
Start importing Assets/Sprites using Guid(0b39b27c807762f4f999b9208703df85) Importer(815301076,1909f56bfc062723c751e8b465ee728b)  -> (artifact id: 'b703fc38348d66a3a13d5d431aa24a50') in 0.010036 seconds 
  Import took 0.015248 seconds .

========================================================================
Received Import Request.
  Time since last request: 16.532878 seconds.
  path: Assets/Scenes
  artifactKey: Guid(4b1e9684a4319b04aa2da88bd4798db9) Importer(815301076,1909f56bfc062723c751e8b465ee728b)
Start importing Assets/Scenes using Guid(4b1e9684a4319b04aa2da88bd4798db9) Importer(815301076,1909f56bfc062723c751e8b465ee728b)  -> (artifact id: '6b6163d5c8aff51eb7f4b67c35700d6e') in 0.009970 seconds 
  Import took 0.015449 seconds .

========================================================================
Received Import Request.
  Time since last request: 12.866128 seconds.
  path: Assets/Sprites/BasePoligon.png
  artifactKey: Guid(49527caa40f4ba348b1f4231f10125e2) Importer(815301076,1909f56bfc062723c751e8b465ee728b)
Start importing Assets/Sprites/BasePoligon.png using Guid(49527caa40f4ba348b1f4231f10125e2) Importer(815301076,1909f56bfc062723c751e8b465ee728b)  -> (artifact id: '0d3aa194337dc5e9fe5e1f08b768e287') in 0.024921 seconds 
  Import took 0.030813 seconds .

========================================================================
Received Import Request.
  Time since last request: 76.509529 seconds.
  path: Assets/New Folder
  artifactKey: Guid(f7aa6ebbc67687549ae65c78b0bc49bb) Importer(815301076,1909f56bfc062723c751e8b465ee728b)
Start importing Assets/New Folder using Guid(f7aa6ebbc67687549ae65c78b0bc49bb) Importer(815301076,1909f56bfc062723c751e8b465ee728b)  -> (artifact id: '5c37aee59a5753bac7d768dd83f675b9') in 0.012042 seconds 
  Import took 0.018835 seconds .

========================================================================
Received Import Request.
  Time since last request: 0.001225 seconds.
  path: Assets/New Folder
  artifactKey: Guid(f7aa6ebbc67687549ae65c78b0bc49bb) Importer(815301076,1909f56bfc062723c751e8b465ee728b)
Start importing Assets/New Folder using Guid(f7aa6ebbc67687549ae65c78b0bc49bb) Importer(815301076,1909f56bfc062723c751e8b465ee728b)  -> (artifact id: '5c37aee59a5753bac7d768dd83f675b9') in 0.002279 seconds 
  Import took 0.008509 seconds .

========================================================================
Received Import Request.
  Time since last request: 2.408610 seconds.
  path: Assets/Scripts
  artifactKey: Guid(f7aa6ebbc67687549ae65c78b0bc49bb) Importer(815301076,1909f56bfc062723c751e8b465ee728b)
Start importing Assets/Scripts using Guid(f7aa6ebbc67687549ae65c78b0bc49bb) Importer(815301076,1909f56bfc062723c751e8b465ee728b)  -> (artifact id: 'a681641892046cda32522f52f73f188f') in 0.007727 seconds 
  Import took 0.012500 seconds .

========================================================================
Received Import Request.
  Time since last request: 17.621085 seconds.
  path: Assets/Scripts/LocalFieldGenerator.cs
  artifactKey: Guid(fa00917bfc2eb9e4ba70c6d29a8ecb7f) Importer(815301076,1909f56bfc062723c751e8b465ee728b)
Start importing Assets/Scripts/LocalFieldGenerator.cs using Guid(fa00917bfc2eb9e4ba70c6d29a8ecb7f) Importer(815301076,1909f56bfc062723c751e8b465ee728b)  -> (artifact id: 'ee1f2336275360e397376d48be3a347c') in 0.267183 seconds 
  Import took 0.272300 seconds .

========================================================================
Received Import Request.
  Time since last request: 0.038632 seconds.
  path: Assets/Scripts/LocalFieldGenerator.cs
  artifactKey: Guid(fa00917bfc2eb9e4ba70c6d29a8ecb7f) Importer(815301076,1909f56bfc062723c751e8b465ee728b)
Start importing Assets/Scripts/LocalFieldGenerator.cs using Guid(fa00917bfc2eb9e4ba70c6d29a8ecb7f) Importer(815301076,1909f56bfc062723c751e8b465ee728b)  -> (artifact id: 'ee1f2336275360e397376d48be3a347c') in 0.005095 seconds 
  Import took 0.027381 seconds .

========================================================================
Received Prepare
Registering precompiled user dll's ...
Registered in 0.009010 seconds.
Begin MonoManager ReloadAssembly
Native extension for WindowsStandalone target not found
Refreshing native plugins compatible for Editor in 0.93 ms, found 3 plugins.
Preloading 0 native plugins for Editor in 0.00 ms.
Mono: successfully reloaded assembly
- Completed reload, in  2.134 seconds
Domain Reload Profiling:
	ReloadAssembly (2136ms)
		BeginReloadAssembly (269ms)
			ExecutionOrderSort (0ms)
			DisableScriptedObjects (9ms)
			BackupInstance (0ms)
			ReleaseScriptingObjects (0ms)
			CreateAndSetChildDomain (67ms)
		EndReloadAssembly (1723ms)
			LoadAssemblies (209ms)
			RebuildTransferFunctionScriptingTraits (0ms)
			SetupTypeCache (519ms)
			ReleaseScriptCaches (1ms)
			RebuildScriptCaches (52ms)
			SetupLoadedEditorAssemblies (703ms)
				LogAssemblyErrors (0ms)
				InitializePlatformSupportModulesInManaged (8ms)
				SetLoadedEditorAssemblies (2ms)
				RefreshPlugins (1ms)
				BeforeProcessingInitializeOnLoad (133ms)
				ProcessInitializeOnLoadAttributes (541ms)
				ProcessInitializeOnLoadMethodAttributes (12ms)
				AfterProcessingInitializeOnLoad (5ms)
				EditorAssembliesLoaded (1ms)
			ExecutionOrderSort2 (0ms)
			AwakeInstancesAfterBackupRestoration (24ms)
Platform modules already initialized, skipping
Refreshing native plugins compatible for Editor in 0.78 ms, found 3 plugins.
Preloading 0 native plugins for Editor in 0.00 ms.
Unloading 2382 Unused Serialized files (Serialized files now loaded: 0)
System memory in use before: 106.8 MB.
System memory in use after: 106.8 MB.

Unloading 21 unused Assets to reduce memory usage. Loaded Objects now: 2832.
Total: 5.275800 ms (FindLiveObjects: 0.310400 ms CreateObjectMapping: 0.168900 ms MarkObjects: 4.630000 ms  DeleteObjects: 0.164400 ms)

AssetImportParameters requested are different than current active one (requested -> active):
  custom:framework-win-MediaFoundation: 216162199b28c13a410421893ffa2e32 -> 
  custom:video-decoder-ogg-theora: a1e56fd34408186e4bbccfd4996cb3dc -> 
  custom:container-muxer-webm: aa71ff27fc2769a1b78a27578f13a17b -> 
  custom:container-demuxer-webm: 4f35f7cbe854078d1ac9338744f61a02 -> 
  custom:container-demuxer-ogg: 62fdf1f143b41e24485cea50d1cbac27 -> 
  custom:video-encoder-webm-vp8: eb34c28f22e8b96e1ab97ce403110664 -> 
  custom:video-decoder-webm-vp8: 9c59270c3fd7afecdb556c50c9e8de78 -> 
  custom:audio-decoder-ogg-vorbis: bf7c407c2cedff20999df2af8eb42d56 -> 
  custom:audio-encoder-webm-vorbis: bf7c407c2cedff20999df2af8eb42d56 -> 
========================================================================
Received Prepare
Registering precompiled user dll's ...
Registered in 0.009834 seconds.
Begin MonoManager ReloadAssembly
Native extension for WindowsStandalone target not found
Refreshing native plugins compatible for Editor in 0.63 ms, found 3 plugins.
Preloading 0 native plugins for Editor in 0.00 ms.
Mono: successfully reloaded assembly
- Completed reload, in  1.640 seconds
Domain Reload Profiling:
	ReloadAssembly (1641ms)
		BeginReloadAssembly (216ms)
			ExecutionOrderSort (0ms)
			DisableScriptedObjects (14ms)
			BackupInstance (0ms)
			ReleaseScriptingObjects (0ms)
			CreateAndSetChildDomain (61ms)
		EndReloadAssembly (1263ms)
			LoadAssemblies (147ms)
			RebuildTransferFunctionScriptingTraits (0ms)
			SetupTypeCache (459ms)
			ReleaseScriptCaches (1ms)
			RebuildScriptCaches (53ms)
			SetupLoadedEditorAssemblies (491ms)
				LogAssemblyErrors (0ms)
				InitializePlatformSupportModulesInManaged (5ms)
				SetLoadedEditorAssemblies (1ms)
				RefreshPlugins (1ms)
				BeforeProcessingInitializeOnLoad (84ms)
				ProcessInitializeOnLoadAttributes (391ms)
				ProcessInitializeOnLoadMethodAttributes (7ms)
				AfterProcessingInitializeOnLoad (3ms)
				EditorAssembliesLoaded (0ms)
			ExecutionOrderSort2 (0ms)
			AwakeInstancesAfterBackupRestoration (12ms)
Platform modules already initialized, skipping
Refreshing native plugins compatible for Editor in 0.69 ms, found 3 plugins.
Preloading 0 native plugins for Editor in 0.00 ms.
Unloading 2383 Unused Serialized files (Serialized files now loaded: 0)
System memory in use before: 106.8 MB.
System memory in use after: 106.9 MB.

Unloading 21 unused Assets to reduce memory usage. Loaded Objects now: 2836.
Total: 3.088600 ms (FindLiveObjects: 0.278100 ms CreateObjectMapping: 0.142600 ms MarkObjects: 2.546500 ms  DeleteObjects: 0.120000 ms)

AssetImportParameters requested are different than current active one (requested -> active):
  custom:framework-win-MediaFoundation: 216162199b28c13a410421893ffa2e32 -> 
  custom:video-decoder-ogg-theora: a1e56fd34408186e4bbccfd4996cb3dc -> 
  custom:container-muxer-webm: aa71ff27fc2769a1b78a27578f13a17b -> 
  custom:container-demuxer-webm: 4f35f7cbe854078d1ac9338744f61a02 -> 
  custom:container-demuxer-ogg: 62fdf1f143b41e24485cea50d1cbac27 -> 
  custom:video-encoder-webm-vp8: eb34c28f22e8b96e1ab97ce403110664 -> 
  custom:video-decoder-webm-vp8: 9c59270c3fd7afecdb556c50c9e8de78 -> 
  custom:audio-decoder-ogg-vorbis: bf7c407c2cedff20999df2af8eb42d56 -> 
  custom:audio-encoder-webm-vorbis: bf7c407c2cedff20999df2af8eb42d56 -> 
========================================================================
Received Import Request.
  Time since last request: 1408.581486 seconds.
  path: Assets/TileMap
  artifactKey: Guid(f04a5cc0ef68c8d43a982e8833ae0982) Importer(815301076,1909f56bfc062723c751e8b465ee728b)
Start importing Assets/TileMap using Guid(f04a5cc0ef68c8d43a982e8833ae0982) Importer(815301076,1909f56bfc062723c751e8b465ee728b)  -> (artifact id: '51958261ccc8730db5f5b14dd400ce4a') in 0.023546 seconds 
  Import took 0.208442 seconds .

========================================================================
Received Import Request.
  Time since last request: 9.967814 seconds.
  path: Assets/Sprites/BasePoligon.prefab
  artifactKey: Guid(a5410f2d16a288f4a90186832b5ae05e) Importer(815301076,1909f56bfc062723c751e8b465ee728b)
Start importing Assets/Sprites/BasePoligon.prefab using Guid(a5410f2d16a288f4a90186832b5ae05e) Importer(815301076,1909f56bfc062723c751e8b465ee728b)  -> (artifact id: 'f5b97c14a628857c5aa8bea172124797') in 0.489660 seconds 
  Import took 0.890041 seconds .

========================================================================
Received Import Request.
  Time since last request: 54.319403 seconds.
  path: Assets/TileMap/Palettes/PoligonPalette.prefab
  artifactKey: Guid(5d3936aed68a4be4096687d14818fe57) Importer(815301076,1909f56bfc062723c751e8b465ee728b)
Start importing Assets/TileMap/Palettes/PoligonPalette.prefab using Guid(5d3936aed68a4be4096687d14818fe57) Importer(815301076,1909f56bfc062723c751e8b465ee728b)  -> (artifact id: '3428abbd3d459eea9a80e3c07b997c64') in 0.071026 seconds 
  Import took 0.135020 seconds .

========================================================================
Received Import Request.
  Time since last request: 21.795344 seconds.
  path: Assets/TileMap/Palettes/PoligonPalette.prefab
  artifactKey: Guid(5d3936aed68a4be4096687d14818fe57) Importer(815301076,1909f56bfc062723c751e8b465ee728b)
Start importing Assets/TileMap/Palettes/PoligonPalette.prefab using Guid(5d3936aed68a4be4096687d14818fe57) Importer(815301076,1909f56bfc062723c751e8b465ee728b)  -> (artifact id: '718acc234af36b2d91ff3d7f0b8f23b8') in 0.067180 seconds 
  Import took 0.241287 seconds .

